[2.133s] Invoking command in '/home/robot/robotws/src/build/hebiros': PYTHONPATH=/home/robot/robotws/src/build/hebiros/prefix_override:/home/robot/robotws/src/install/hebiros/lib/python3.10/site-packages:${PYTHONPATH} /usr/bin/python3 setup.py develop --editable --build-directory /home/robot/robotws/src/build/hebiros/build --no-deps install_data
[2.469s] running develop
[2.469s] /usr/lib/python3/dist-packages/setuptools/command/easy_install.py:158: EasyInstallDeprecationWarning: easy_install command is deprecated. Use build and pip and other standards-based tools.
[2.469s]   warnings.warn(
[2.471s] /usr/lib/python3/dist-packages/setuptools/command/install.py:34: SetuptoolsDeprecationWarning: setup.py install is deprecated. Use build and pip and other standards-based tools.
[2.471s]   warnings.warn(
[2.742s] running egg_info
[2.743s] creating hebiros.egg-info
[2.743s] writing hebiros.egg-info/PKG-INFO
[2.744s] writing dependency_links to hebiros.egg-info/dependency_links.txt
[2.745s] writing entry points to hebiros.egg-info/entry_points.txt
[2.745s] writing requirements to hebiros.egg-info/requires.txt
[2.746s] writing top-level names to hebiros.egg-info/top_level.txt
[2.748s] writing manifest file 'hebiros.egg-info/SOURCES.txt'
[2.761s] reading manifest file 'hebiros.egg-info/SOURCES.txt'
[2.762s] writing manifest file 'hebiros.egg-info/SOURCES.txt'
[2.762s] running build_ext
[2.763s] Creating /home/robot/robotws/src/install/hebiros/lib/python3.10/site-packages/hebiros.egg-link (link to .)
[2.763s] Installing hebiforce script to /home/robot/robotws/src/install/hebiros/lib/hebiros
[2.763s] Installing hebinode script to /home/robot/robotws/src/install/hebiros/lib/hebiros
[2.763s] Installing hebiscan script to /home/robot/robotws/src/install/hebiros/lib/hebiros
[2.764s] Installing hebitune script to /home/robot/robotws/src/install/hebiros/lib/hebiros
[2.764s] Installing testsend script to /home/robot/robotws/src/install/hebiros/lib/hebiros
[2.767s] 
[2.767s] Installed /home/robot/robotws/src/build/hebiros
[2.768s] running install_data
[2.768s] creating /home/robot/robotws/src/install/hebiros/share/ament_index
[2.768s] creating /home/robot/robotws/src/install/hebiros/share/ament_index/resource_index
[2.768s] creating /home/robot/robotws/src/install/hebiros/share/ament_index/resource_index/packages
[2.769s] copying resource/hebiros -> /home/robot/robotws/src/install/hebiros/share/ament_index/resource_index/packages
[2.769s] copying package.xml -> /home/robot/robotws/src/install/hebiros/share/hebiros
[2.769s] creating /home/robot/robotws/src/install/hebiros/share/hebiros/params
[2.770s] copying params/hebitest.yaml -> /home/robot/robotws/src/install/hebiros/share/hebiros/params
[2.770s] creating /home/robot/robotws/src/install/hebiros/share/hebiros/launch
[2.770s] copying launch/hebitest.launch.py -> /home/robot/robotws/src/install/hebiros/share/hebiros/launch
[2.806s] Invoked command in '/home/robot/robotws/src/build/hebiros' returned '0': PYTHONPATH=/home/robot/robotws/src/build/hebiros/prefix_override:/home/robot/robotws/src/install/hebiros/lib/python3.10/site-packages:${PYTHONPATH} /usr/bin/python3 setup.py develop --editable --build-directory /home/robot/robotws/src/build/hebiros/build --no-deps install_data
