running develop
running egg_info
creating basic134.egg-info
writing basic134.egg-info/PKG-INFO
writing dependency_links to basic134.egg-info/dependency_links.txt
writing entry points to basic134.egg-info/entry_points.txt
writing requirements to basic134.egg-info/requires.txt
writing top-level names to basic134.egg-info/top_level.txt
writing manifest file 'basic134.egg-info/SOURCES.txt'
reading manifest file 'basic134.egg-info/SOURCES.txt'
writing manifest file 'basic134.egg-info/SOURCES.txt'
running build_ext
Creating /home/robot/robotws/src/install/basic134/lib/python3.10/site-packages/basic134.egg-link (link to .)
Installing demo134 script to /home/robot/robotws/src/install/basic134/lib/basic134
Installing grav script to /home/robot/robotws/src/install/basic134/lib/basic134
Installing receivepoint script to /home/robot/robotws/src/install/basic134/lib/basic134

Installed /home/robot/robotws/src/build/basic134
running install_data
creating /home/robot/robotws/src/install/basic134/share/ament_index
creating /home/robot/robotws/src/install/basic134/share/ament_index/resource_index
creating /home/robot/robotws/src/install/basic134/share/ament_index/resource_index/packages
copying resource/basic134 -> /home/robot/robotws/src/install/basic134/share/ament_index/resource_index/packages
copying package.xml -> /home/robot/robotws/src/install/basic134/share/basic134
creating /home/robot/robotws/src/install/basic134/share/basic134/launch
copying launch/viewcommand.launch.py -> /home/robot/robotws/src/install/basic134/share/basic134/launch
copying launch/grav.launch.py -> /home/robot/robotws/src/install/basic134/share/basic134/launch
copying launch/showurdf.launch.py -> /home/robot/robotws/src/install/basic134/share/basic134/launch
copying launch/viewactual.launch.py -> /home/robot/robotws/src/install/basic134/share/basic134/launch
copying launch/example.launch.py -> /home/robot/robotws/src/install/basic134/share/basic134/launch
creating /home/robot/robotws/src/install/basic134/share/basic134/rviz
copying rviz/viewurdf.rviz -> /home/robot/robotws/src/install/basic134/share/basic134/rviz
creating /home/robot/robotws/src/install/basic134/share/basic134/meshes
copying meshes/link4.STL -> /home/robot/robotws/src/install/basic134/share/basic134/meshes
copying meshes/wrist.STL -> /home/robot/robotws/src/install/basic134/share/basic134/meshes
copying meshes/link10.STL -> /home/robot/robotws/src/install/basic134/share/basic134/meshes
copying meshes/link1.STL -> /home/robot/robotws/src/install/basic134/share/basic134/meshes
copying meshes/link2.STL -> /home/robot/robotws/src/install/basic134/share/basic134/meshes
copying meshes/link5.STL -> /home/robot/robotws/src/install/basic134/share/basic134/meshes
copying meshes/link3.STL -> /home/robot/robotws/src/install/basic134/share/basic134/meshes
copying meshes/base.STL -> /home/robot/robotws/src/install/basic134/share/basic134/meshes
copying meshes/second_link.STL -> /home/robot/robotws/src/install/basic134/share/basic134/meshes
copying meshes/end_effector_v2.STL -> /home/robot/robotws/src/install/basic134/share/basic134/meshes
copying meshes/link6.STL -> /home/robot/robotws/src/install/basic134/share/basic134/meshes
copying meshes/link7.STL -> /home/robot/robotws/src/install/basic134/share/basic134/meshes
copying meshes/link9.STL -> /home/robot/robotws/src/install/basic134/share/basic134/meshes
copying meshes/link8.STL -> /home/robot/robotws/src/install/basic134/share/basic134/meshes
copying meshes/basiclink.stl -> /home/robot/robotws/src/install/basic134/share/basic134/meshes
copying meshes/first_link.STL -> /home/robot/robotws/src/install/basic134/share/basic134/meshes
copying meshes/X8.stl -> /home/robot/robotws/src/install/basic134/share/basic134/meshes
copying meshes/base_link.STL -> /home/robot/robotws/src/install/basic134/share/basic134/meshes
copying meshes/shoulder.STL -> /home/robot/robotws/src/install/basic134/share/basic134/meshes
copying meshes/basiclink.dae -> /home/robot/robotws/src/install/basic134/share/basic134/meshes
copying meshes/X5.stl -> /home/robot/robotws/src/install/basic134/share/basic134/meshes
creating /home/robot/robotws/src/install/basic134/share/basic134/urdf
copying urdf/Robot_assembly.urdf -> /home/robot/robotws/src/install/basic134/share/basic134/urdf
copying urdf/threedofexample.urdf -> /home/robot/robotws/src/install/basic134/share/basic134/urdf
