[1.002s] Invoking command in '/home/robot/robotws/src/build/basic134': PYTHONPATH=/home/robot/robotws/src/build/basic134/prefix_override:/home/robot/robotws/src/install/basic134/lib/python3.10/site-packages:${PYTHONPATH} /usr/bin/python3 setup.py develop --editable --build-directory /home/robot/robotws/src/build/basic134/build --no-deps install_data
[1.336s] running develop
[1.336s] /usr/lib/python3/dist-packages/setuptools/command/easy_install.py:158: EasyInstallDeprecationWarning: easy_install command is deprecated. Use build and pip and other standards-based tools.
[1.336s]   warnings.warn(
[1.337s] /usr/lib/python3/dist-packages/setuptools/command/install.py:34: SetuptoolsDeprecationWarning: setup.py install is deprecated. Use build and pip and other standards-based tools.
[1.337s]   warnings.warn(
[1.603s] running egg_info
[1.603s] creating basic134.egg-info
[1.603s] writing basic134.egg-info/PKG-INFO
[1.604s] writing dependency_links to basic134.egg-info/dependency_links.txt
[1.604s] writing entry points to basic134.egg-info/entry_points.txt
[1.604s] writing requirements to basic134.egg-info/requires.txt
[1.604s] writing top-level names to basic134.egg-info/top_level.txt
[1.604s] writing manifest file 'basic134.egg-info/SOURCES.txt'
[1.608s] reading manifest file 'basic134.egg-info/SOURCES.txt'
[1.609s] writing manifest file 'basic134.egg-info/SOURCES.txt'
[1.611s] running build_ext
[1.611s] Creating /home/robot/robotws/src/install/basic134/lib/python3.10/site-packages/basic134.egg-link (link to .)
[1.612s] Installing demo134 script to /home/robot/robotws/src/install/basic134/lib/basic134
[1.613s] Installing grav script to /home/robot/robotws/src/install/basic134/lib/basic134
[1.613s] Installing receivepoint script to /home/robot/robotws/src/install/basic134/lib/basic134
[1.613s] 
[1.613s] Installed /home/robot/robotws/src/build/basic134
[1.613s] running install_data
[1.613s] creating /home/robot/robotws/src/install/basic134/share/ament_index
[1.614s] creating /home/robot/robotws/src/install/basic134/share/ament_index/resource_index
[1.614s] creating /home/robot/robotws/src/install/basic134/share/ament_index/resource_index/packages
[1.614s] copying resource/basic134 -> /home/robot/robotws/src/install/basic134/share/ament_index/resource_index/packages
[1.614s] copying package.xml -> /home/robot/robotws/src/install/basic134/share/basic134
[1.614s] creating /home/robot/robotws/src/install/basic134/share/basic134/launch
[1.614s] copying launch/viewcommand.launch.py -> /home/robot/robotws/src/install/basic134/share/basic134/launch
[1.614s] copying launch/grav.launch.py -> /home/robot/robotws/src/install/basic134/share/basic134/launch
[1.615s] copying launch/showurdf.launch.py -> /home/robot/robotws/src/install/basic134/share/basic134/launch
[1.615s] copying launch/viewactual.launch.py -> /home/robot/robotws/src/install/basic134/share/basic134/launch
[1.615s] copying launch/example.launch.py -> /home/robot/robotws/src/install/basic134/share/basic134/launch
[1.615s] creating /home/robot/robotws/src/install/basic134/share/basic134/rviz
[1.615s] copying rviz/viewurdf.rviz -> /home/robot/robotws/src/install/basic134/share/basic134/rviz
[1.615s] creating /home/robot/robotws/src/install/basic134/share/basic134/meshes
[1.616s] copying meshes/link4.STL -> /home/robot/robotws/src/install/basic134/share/basic134/meshes
[1.618s] copying meshes/wrist.STL -> /home/robot/robotws/src/install/basic134/share/basic134/meshes
[1.619s] copying meshes/link10.STL -> /home/robot/robotws/src/install/basic134/share/basic134/meshes
[1.641s] copying meshes/link1.STL -> /home/robot/robotws/src/install/basic134/share/basic134/meshes
[1.641s] copying meshes/link2.STL -> /home/robot/robotws/src/install/basic134/share/basic134/meshes
[1.642s] copying meshes/link5.STL -> /home/robot/robotws/src/install/basic134/share/basic134/meshes
[1.643s] copying meshes/link3.STL -> /home/robot/robotws/src/install/basic134/share/basic134/meshes
[1.643s] copying meshes/base.STL -> /home/robot/robotws/src/install/basic134/share/basic134/meshes
[1.643s] copying meshes/second_link.STL -> /home/robot/robotws/src/install/basic134/share/basic134/meshes
[1.644s] copying meshes/end_effector_v2.STL -> /home/robot/robotws/src/install/basic134/share/basic134/meshes
[1.662s] copying meshes/link6.STL -> /home/robot/robotws/src/install/basic134/share/basic134/meshes
[1.663s] copying meshes/link7.STL -> /home/robot/robotws/src/install/basic134/share/basic134/meshes
[1.664s] copying meshes/link9.STL -> /home/robot/robotws/src/install/basic134/share/basic134/meshes
[1.664s] copying meshes/link8.STL -> /home/robot/robotws/src/install/basic134/share/basic134/meshes
[1.665s] copying meshes/basiclink.stl -> /home/robot/robotws/src/install/basic134/share/basic134/meshes
[1.666s] copying meshes/first_link.STL -> /home/robot/robotws/src/install/basic134/share/basic134/meshes
[1.666s] copying meshes/X8.stl -> /home/robot/robotws/src/install/basic134/share/basic134/meshes
[1.672s] copying meshes/base_link.STL -> /home/robot/robotws/src/install/basic134/share/basic134/meshes
[1.673s] copying meshes/shoulder.STL -> /home/robot/robotws/src/install/basic134/share/basic134/meshes
[1.674s] copying meshes/basiclink.dae -> /home/robot/robotws/src/install/basic134/share/basic134/meshes
[1.674s] copying meshes/X5.stl -> /home/robot/robotws/src/install/basic134/share/basic134/meshes
[1.681s] creating /home/robot/robotws/src/install/basic134/share/basic134/urdf
[1.682s] copying urdf/Robot_assembly.urdf -> /home/robot/robotws/src/install/basic134/share/basic134/urdf
[1.682s] copying urdf/threedofexample.urdf -> /home/robot/robotws/src/install/basic134/share/basic134/urdf
[1.729s] Invoked command in '/home/robot/robotws/src/build/basic134' returned '0': PYTHONPATH=/home/robot/robotws/src/build/basic134/prefix_override:/home/robot/robotws/src/install/basic134/lib/python3.10/site-packages:${PYTHONPATH} /usr/bin/python3 setup.py develop --editable --build-directory /home/robot/robotws/src/build/basic134/build --no-deps install_data
