running develop
/usr/lib/python3/dist-packages/setuptools/command/easy_install.py:158: EasyInstallDeprecationWarning: easy_install command is deprecated. Use build and pip and other standards-based tools.
  warnings.warn(
/usr/lib/python3/dist-packages/setuptools/command/install.py:34: SetuptoolsDeprecationWarning: setup.py install is deprecated. Use build and pip and other standards-based tools.
  warnings.warn(
running egg_info
creating demo134.egg-info
writing demo134.egg-info/PKG-INFO
writing dependency_links to demo134.egg-info/dependency_links.txt
writing entry points to demo134.egg-info/entry_points.txt
writing requirements to demo134.egg-info/requires.txt
writing top-level names to demo134.egg-info/top_level.txt
writing manifest file 'demo134.egg-info/SOURCES.txt'
reading manifest file 'demo134.egg-info/SOURCES.txt'
writing manifest file 'demo134.egg-info/SOURCES.txt'
running build_ext
Creating /home/robot/robotws/src/install/demo134/lib/python3.10/site-packages/demo134.egg-link (link to .)
Installing demo134 script to /home/robot/robotws/src/install/demo134/lib/demo134

Installed /home/robot/robotws/src/build/demo134
running install_data
creating /home/robot/robotws/src/install/demo134/share/ament_index
creating /home/robot/robotws/src/install/demo134/share/ament_index/resource_index
creating /home/robot/robotws/src/install/demo134/share/ament_index/resource_index/packages
copying resource/demo134 -> /home/robot/robotws/src/install/demo134/share/ament_index/resource_index/packages
copying package.xml -> /home/robot/robotws/src/install/demo134/share/demo134
creating /home/robot/robotws/src/install/demo134/share/demo134/launch
copying launch/demo134.launch.py -> /home/robot/robotws/src/install/demo134/share/demo134/launch
