[2.037s] Invoking command in '/home/robot/robotws/src/build/demo134': PYTHONPATH=/home/robot/robotws/src/build/demo134/prefix_override:/home/robot/robotws/src/install/demo134/lib/python3.10/site-packages:${PYTHONPATH} /usr/bin/python3 setup.py develop --editable --build-directory /home/robot/robotws/src/build/demo134/build --no-deps install_data
[2.403s] running develop
[2.403s] /usr/lib/python3/dist-packages/setuptools/command/easy_install.py:158: EasyInstallDeprecationWarning: easy_install command is deprecated. Use build and pip and other standards-based tools.
[2.404s]   warnings.warn(
[2.405s] /usr/lib/python3/dist-packages/setuptools/command/install.py:34: SetuptoolsDeprecationWarning: setup.py install is deprecated. Use build and pip and other standards-based tools.
[2.405s]   warnings.warn(
[2.740s] running egg_info
[2.740s] creating demo134.egg-info
[2.740s] writing demo134.egg-info/PKG-INFO
[2.740s] writing dependency_links to demo134.egg-info/dependency_links.txt
[2.741s] writing entry points to demo134.egg-info/entry_points.txt
[2.741s] writing requirements to demo134.egg-info/requires.txt
[2.741s] writing top-level names to demo134.egg-info/top_level.txt
[2.741s] writing manifest file 'demo134.egg-info/SOURCES.txt'
[2.744s] reading manifest file 'demo134.egg-info/SOURCES.txt'
[2.745s] writing manifest file 'demo134.egg-info/SOURCES.txt'
[2.746s] running build_ext
[2.747s] Creating /home/robot/robotws/src/install/demo134/lib/python3.10/site-packages/demo134.egg-link (link to .)
[2.748s] Installing demo134 script to /home/robot/robotws/src/install/demo134/lib/demo134
[2.748s] 
[2.748s] Installed /home/robot/robotws/src/build/demo134
[2.749s] running install_data
[2.749s] creating /home/robot/robotws/src/install/demo134/share/ament_index
[2.749s] creating /home/robot/robotws/src/install/demo134/share/ament_index/resource_index
[2.749s] creating /home/robot/robotws/src/install/demo134/share/ament_index/resource_index/packages
[2.749s] copying resource/demo134 -> /home/robot/robotws/src/install/demo134/share/ament_index/resource_index/packages
[2.749s] copying package.xml -> /home/robot/robotws/src/install/demo134/share/demo134
[2.749s] creating /home/robot/robotws/src/install/demo134/share/demo134/launch
[2.749s] copying launch/demo134.launch.py -> /home/robot/robotws/src/install/demo134/share/demo134/launch
[2.792s] Invoked command in '/home/robot/robotws/src/build/demo134' returned '0': PYTHONPATH=/home/robot/robotws/src/build/demo134/prefix_override:/home/robot/robotws/src/install/demo134/lib/python3.10/site-packages:${PYTHONPATH} /usr/bin/python3 setup.py develop --editable --build-directory /home/robot/robotws/src/build/demo134/build --no-deps install_data
