[1.226s] DEBUG:colcon:Command line arguments: ['/usr/bin/colcon', 'build', '--symlink-install']
[1.226s] DEBUG:colcon:Parsed command line arguments: Namespace(log_base=None, log_level=None, verb_name='build', build_base='build', install_base='install', merge_install=False, symlink_install=True, test_result_base=None, continue_on_error=False, executor='parallel', parallel_workers=4, event_handlers=None, ignore_user_meta=False, metas=['./colcon.meta'], base_paths=['.'], packages_ignore=None, packages_ignore_regex=None, paths=None, packages_up_to=None, packages_up_to_regex=None, packages_above=None, packages_above_and_dependencies=None, packages_above_depth=None, packages_select_by_dep=None, packages_skip_by_dep=None, packages_skip_up_to=None, packages_select_build_failed=False, packages_skip_build_finished=False, packages_select_test_failures=False, packages_skip_test_passed=False, packages_select=None, packages_skip=None, packages_select_regex=None, packages_skip_regex=None, packages_start=None, packages_end=None, allow_overriding=[], cmake_args=None, cmake_target=None, cmake_target_skip_unavailable=False, cmake_clean_cache=False, cmake_clean_first=False, cmake_force_configure=False, ament_cmake_args=None, catkin_cmake_args=None, catkin_skip_building_tests=False, verb_parser=<colcon_defaults.argument_parser.defaults.DefaultArgumentsDecorator object at 0x7f336b470550>, verb_extension=<colcon_core.verb.build.BuildVerb object at 0x7f336b638220>, main=<bound method BuildVerb.main of <colcon_core.verb.build.BuildVerb object at 0x7f336b638220>>)
[1.279s] Level 1:colcon.colcon_core.package_discovery:discover_packages(colcon_meta) check parameters
[1.280s] Level 1:colcon.colcon_core.package_discovery:discover_packages(recursive) check parameters
[1.280s] Level 1:colcon.colcon_core.package_discovery:discover_packages(ignore) check parameters
[1.280s] Level 1:colcon.colcon_core.package_discovery:discover_packages(path) check parameters
[1.280s] Level 1:colcon.colcon_core.package_discovery:discover_packages(colcon_meta) discover
[1.280s] Level 1:colcon.colcon_core.package_discovery:discover_packages(recursive) discover
[1.280s] INFO:colcon.colcon_core.package_discovery:Crawling recursively for packages in '/home/robot/robotws/src'
[1.280s] Level 1:colcon.colcon_core.package_identification:_identify(.) by extensions ['ignore', 'ignore_ament_install']
[1.280s] Level 1:colcon.colcon_core.package_identification:_identify(.) by extension 'ignore'
[1.280s] Level 1:colcon.colcon_core.package_identification:_identify(.) by extension 'ignore_ament_install'
[1.280s] Level 1:colcon.colcon_core.package_identification:_identify(.) by extensions ['colcon_pkg']
[1.280s] Level 1:colcon.colcon_core.package_identification:_identify(.) by extension 'colcon_pkg'
[1.280s] Level 1:colcon.colcon_core.package_identification:_identify(.) by extensions ['colcon_meta']
[1.280s] Level 1:colcon.colcon_core.package_identification:_identify(.) by extension 'colcon_meta'
[1.280s] Level 1:colcon.colcon_core.package_identification:_identify(.) by extensions ['ros']
[1.280s] Level 1:colcon.colcon_core.package_identification:_identify(.) by extension 'ros'
[1.291s] Level 1:colcon.colcon_core.package_identification:_identify(.) by extensions ['cmake', 'python']
[1.291s] Level 1:colcon.colcon_core.package_identification:_identify(.) by extension 'cmake'
[1.291s] Level 1:colcon.colcon_core.package_identification:_identify(.) by extension 'python'
[1.291s] Level 1:colcon.colcon_core.package_identification:_identify(.) by extensions ['python_setup_py']
[1.291s] Level 1:colcon.colcon_core.package_identification:_identify(.) by extension 'python_setup_py'
[1.291s] Level 1:colcon.colcon_core.package_identification:_identify(basic134) by extensions ['ignore', 'ignore_ament_install']
[1.291s] Level 1:colcon.colcon_core.package_identification:_identify(basic134) by extension 'ignore'
[1.291s] Level 1:colcon.colcon_core.package_identification:_identify(basic134) by extension 'ignore_ament_install'
[1.291s] Level 1:colcon.colcon_core.package_identification:_identify(basic134) by extensions ['colcon_pkg']
[1.291s] Level 1:colcon.colcon_core.package_identification:_identify(basic134) by extension 'colcon_pkg'
[1.291s] Level 1:colcon.colcon_core.package_identification:_identify(basic134) by extensions ['colcon_meta']
[1.292s] Level 1:colcon.colcon_core.package_identification:_identify(basic134) by extension 'colcon_meta'
[1.292s] Level 1:colcon.colcon_core.package_identification:_identify(basic134) by extensions ['ros']
[1.292s] Level 1:colcon.colcon_core.package_identification:_identify(basic134) by extension 'ros'
[1.294s] DEBUG:colcon.colcon_core.package_identification:Package 'basic134' with type 'ros.ament_python' and name 'basic134'
[1.294s] Level 1:colcon.colcon_core.package_identification:_identify(build) by extensions ['ignore', 'ignore_ament_install']
[1.294s] Level 1:colcon.colcon_core.package_identification:_identify(build) by extension 'ignore'
[1.294s] Level 1:colcon.colcon_core.package_identification:_identify(build) ignored
[1.294s] Level 1:colcon.colcon_core.package_identification:_identify(demo134) by extensions ['ignore', 'ignore_ament_install']
[1.294s] Level 1:colcon.colcon_core.package_identification:_identify(demo134) by extension 'ignore'
[1.294s] Level 1:colcon.colcon_core.package_identification:_identify(demo134) by extension 'ignore_ament_install'
[1.294s] Level 1:colcon.colcon_core.package_identification:_identify(demo134) by extensions ['colcon_pkg']
[1.294s] Level 1:colcon.colcon_core.package_identification:_identify(demo134) by extension 'colcon_pkg'
[1.294s] Level 1:colcon.colcon_core.package_identification:_identify(demo134) by extensions ['colcon_meta']
[1.294s] Level 1:colcon.colcon_core.package_identification:_identify(demo134) by extension 'colcon_meta'
[1.295s] Level 1:colcon.colcon_core.package_identification:_identify(demo134) by extensions ['ros']
[1.295s] Level 1:colcon.colcon_core.package_identification:_identify(demo134) by extension 'ros'
[1.295s] DEBUG:colcon.colcon_core.package_identification:Package 'demo134' with type 'ros.ament_python' and name 'demo134'
[1.295s] Level 1:colcon.colcon_core.package_identification:_identify(hebiros) by extensions ['ignore', 'ignore_ament_install']
[1.295s] Level 1:colcon.colcon_core.package_identification:_identify(hebiros) by extension 'ignore'
[1.295s] Level 1:colcon.colcon_core.package_identification:_identify(hebiros) by extension 'ignore_ament_install'
[1.295s] Level 1:colcon.colcon_core.package_identification:_identify(hebiros) by extensions ['colcon_pkg']
[1.295s] Level 1:colcon.colcon_core.package_identification:_identify(hebiros) by extension 'colcon_pkg'
[1.296s] Level 1:colcon.colcon_core.package_identification:_identify(hebiros) by extensions ['colcon_meta']
[1.296s] Level 1:colcon.colcon_core.package_identification:_identify(hebiros) by extension 'colcon_meta'
[1.296s] Level 1:colcon.colcon_core.package_identification:_identify(hebiros) by extensions ['ros']
[1.296s] Level 1:colcon.colcon_core.package_identification:_identify(hebiros) by extension 'ros'
[1.296s] DEBUG:colcon.colcon_core.package_identification:Package 'hebiros' with type 'ros.ament_python' and name 'hebiros'
[1.296s] Level 1:colcon.colcon_core.package_identification:_identify(install) by extensions ['ignore', 'ignore_ament_install']
[1.296s] Level 1:colcon.colcon_core.package_identification:_identify(install) by extension 'ignore'
[1.296s] Level 1:colcon.colcon_core.package_identification:_identify(install) ignored
[1.296s] Level 1:colcon.colcon_core.package_identification:_identify(log) by extensions ['ignore', 'ignore_ament_install']
[1.297s] Level 1:colcon.colcon_core.package_identification:_identify(log) by extension 'ignore'
[1.297s] Level 1:colcon.colcon_core.package_identification:_identify(log) ignored
[1.297s] Level 1:colcon.colcon_core.package_discovery:discover_packages(recursive) using defaults
[1.297s] Level 1:colcon.colcon_core.package_discovery:discover_packages(ignore) discover
[1.297s] Level 1:colcon.colcon_core.package_discovery:discover_packages(ignore) using defaults
[1.297s] Level 1:colcon.colcon_core.package_discovery:discover_packages(path) discover
[1.297s] Level 1:colcon.colcon_core.package_discovery:discover_packages(path) using defaults
[1.415s] Level 1:colcon.colcon_core.package_discovery:discover_packages(prefix_path) check parameters
[1.415s] Level 1:colcon.colcon_core.package_discovery:discover_packages(prefix_path) discover
[1.464s] DEBUG:colcon.colcon_installed_package_information.package_discovery:Found 3 installed packages in /home/robot/robotws/install
[1.485s] DEBUG:colcon.colcon_installed_package_information.package_discovery:Found 417 installed packages in /opt/ros/humble
[1.486s] Level 1:colcon.colcon_core.package_discovery:discover_packages(prefix_path) using defaults
[1.693s] Level 5:colcon.colcon_core.verb:set package 'basic134' build argument 'cmake_args' from command line to 'None'
[1.693s] Level 5:colcon.colcon_core.verb:set package 'basic134' build argument 'cmake_target' from command line to 'None'
[1.693s] Level 5:colcon.colcon_core.verb:set package 'basic134' build argument 'cmake_target_skip_unavailable' from command line to 'False'
[1.693s] Level 5:colcon.colcon_core.verb:set package 'basic134' build argument 'cmake_clean_cache' from command line to 'False'
[1.693s] Level 5:colcon.colcon_core.verb:set package 'basic134' build argument 'cmake_clean_first' from command line to 'False'
[1.693s] Level 5:colcon.colcon_core.verb:set package 'basic134' build argument 'cmake_force_configure' from command line to 'False'
[1.693s] Level 5:colcon.colcon_core.verb:set package 'basic134' build argument 'ament_cmake_args' from command line to 'None'
[1.693s] Level 5:colcon.colcon_core.verb:set package 'basic134' build argument 'catkin_cmake_args' from command line to 'None'
[1.693s] Level 5:colcon.colcon_core.verb:set package 'basic134' build argument 'catkin_skip_building_tests' from command line to 'False'
[1.693s] DEBUG:colcon.colcon_core.verb:Building package 'basic134' with the following arguments: {'ament_cmake_args': None, 'build_base': '/home/robot/robotws/src/build/basic134', 'catkin_cmake_args': None, 'catkin_skip_building_tests': False, 'cmake_args': None, 'cmake_clean_cache': False, 'cmake_clean_first': False, 'cmake_force_configure': False, 'cmake_target': None, 'cmake_target_skip_unavailable': False, 'install_base': '/home/robot/robotws/src/install/basic134', 'merge_install': False, 'path': '/home/robot/robotws/src/basic134', 'symlink_install': True, 'test_result_base': None}
[1.711s] Level 5:colcon.colcon_core.verb:set package 'demo134' build argument 'cmake_args' from command line to 'None'
[1.711s] Level 5:colcon.colcon_core.verb:set package 'demo134' build argument 'cmake_target' from command line to 'None'
[1.711s] Level 5:colcon.colcon_core.verb:set package 'demo134' build argument 'cmake_target_skip_unavailable' from command line to 'False'
[1.711s] Level 5:colcon.colcon_core.verb:set package 'demo134' build argument 'cmake_clean_cache' from command line to 'False'
[1.711s] Level 5:colcon.colcon_core.verb:set package 'demo134' build argument 'cmake_clean_first' from command line to 'False'
[1.711s] Level 5:colcon.colcon_core.verb:set package 'demo134' build argument 'cmake_force_configure' from command line to 'False'
[1.711s] Level 5:colcon.colcon_core.verb:set package 'demo134' build argument 'ament_cmake_args' from command line to 'None'
[1.711s] Level 5:colcon.colcon_core.verb:set package 'demo134' build argument 'catkin_cmake_args' from command line to 'None'
[1.711s] Level 5:colcon.colcon_core.verb:set package 'demo134' build argument 'catkin_skip_building_tests' from command line to 'False'
[1.711s] DEBUG:colcon.colcon_core.verb:Building package 'demo134' with the following arguments: {'ament_cmake_args': None, 'build_base': '/home/robot/robotws/src/build/demo134', 'catkin_cmake_args': None, 'catkin_skip_building_tests': False, 'cmake_args': None, 'cmake_clean_cache': False, 'cmake_clean_first': False, 'cmake_force_configure': False, 'cmake_target': None, 'cmake_target_skip_unavailable': False, 'install_base': '/home/robot/robotws/src/install/demo134', 'merge_install': False, 'path': '/home/robot/robotws/src/demo134', 'symlink_install': True, 'test_result_base': None}
[1.730s] Level 5:colcon.colcon_core.verb:set package 'hebiros' build argument 'cmake_args' from command line to 'None'
[1.730s] Level 5:colcon.colcon_core.verb:set package 'hebiros' build argument 'cmake_target' from command line to 'None'
[1.730s] Level 5:colcon.colcon_core.verb:set package 'hebiros' build argument 'cmake_target_skip_unavailable' from command line to 'False'
[1.730s] Level 5:colcon.colcon_core.verb:set package 'hebiros' build argument 'cmake_clean_cache' from command line to 'False'
[1.730s] Level 5:colcon.colcon_core.verb:set package 'hebiros' build argument 'cmake_clean_first' from command line to 'False'
[1.730s] Level 5:colcon.colcon_core.verb:set package 'hebiros' build argument 'cmake_force_configure' from command line to 'False'
[1.730s] Level 5:colcon.colcon_core.verb:set package 'hebiros' build argument 'ament_cmake_args' from command line to 'None'
[1.730s] Level 5:colcon.colcon_core.verb:set package 'hebiros' build argument 'catkin_cmake_args' from command line to 'None'
[1.730s] Level 5:colcon.colcon_core.verb:set package 'hebiros' build argument 'catkin_skip_building_tests' from command line to 'False'
[1.730s] DEBUG:colcon.colcon_core.verb:Building package 'hebiros' with the following arguments: {'ament_cmake_args': None, 'build_base': '/home/robot/robotws/src/build/hebiros', 'catkin_cmake_args': None, 'catkin_skip_building_tests': False, 'cmake_args': None, 'cmake_clean_cache': False, 'cmake_clean_first': False, 'cmake_force_configure': False, 'cmake_target': None, 'cmake_target_skip_unavailable': False, 'install_base': '/home/robot/robotws/src/install/hebiros', 'merge_install': False, 'path': '/home/robot/robotws/src/hebiros', 'symlink_install': True, 'test_result_base': None}
[1.748s] INFO:colcon.colcon_core.executor:Executing jobs using 'parallel' executor
[1.767s] DEBUG:colcon.colcon_parallel_executor.executor.parallel:run_until_complete
[1.767s] INFO:colcon.colcon_ros.task.ament_python.build:Building ROS package in '/home/robot/robotws/src/basic134' with build type 'ament_python'
[1.767s] Level 1:colcon.colcon_core.shell:create_environment_hook('basic134', 'ament_prefix_path')
[1.804s] INFO:colcon.colcon_core.plugin_system:Skipping extension 'colcon_core.shell.bat': Not used on non-Windows systems
[1.804s] INFO:colcon.colcon_core.shell:Creating environment hook '/home/robot/robotws/src/install/basic134/share/basic134/hook/ament_prefix_path.ps1'
[1.807s] INFO:colcon.colcon_core.shell:Creating environment descriptor '/home/robot/robotws/src/install/basic134/share/basic134/hook/ament_prefix_path.dsv'
[1.808s] INFO:colcon.colcon_core.shell:Creating environment hook '/home/robot/robotws/src/install/basic134/share/basic134/hook/ament_prefix_path.sh'
[1.842s] INFO:colcon.colcon_core.shell:Skip shell extension 'powershell' for command environment: Not usable outside of PowerShell
[1.842s] DEBUG:colcon.colcon_core.shell:Skip shell extension 'dsv' for command environment
[1.930s] INFO:colcon.colcon_ros.task.ament_python.build:Building ROS package in '/home/robot/robotws/src/demo134' with build type 'ament_python'
[1.930s] Level 1:colcon.colcon_core.shell:create_environment_hook('demo134', 'ament_prefix_path')
[1.962s] INFO:colcon.colcon_core.shell:Creating environment hook '/home/robot/robotws/src/install/demo134/share/demo134/hook/ament_prefix_path.ps1'
[1.962s] INFO:colcon.colcon_core.shell:Creating environment descriptor '/home/robot/robotws/src/install/demo134/share/demo134/hook/ament_prefix_path.dsv'
[1.963s] INFO:colcon.colcon_core.shell:Creating environment hook '/home/robot/robotws/src/install/demo134/share/demo134/hook/ament_prefix_path.sh'
[1.989s] INFO:colcon.colcon_core.shell:Skip shell extension 'powershell' for command environment: Not usable outside of PowerShell
[1.989s] DEBUG:colcon.colcon_core.shell:Skip shell extension 'dsv' for command environment
[2.053s] INFO:colcon.colcon_ros.task.ament_python.build:Building ROS package in '/home/robot/robotws/src/hebiros' with build type 'ament_python'
[2.053s] Level 1:colcon.colcon_core.shell:create_environment_hook('hebiros', 'ament_prefix_path')
[2.079s] INFO:colcon.colcon_core.shell:Creating environment hook '/home/robot/robotws/src/install/hebiros/share/hebiros/hook/ament_prefix_path.ps1'
[2.080s] INFO:colcon.colcon_core.shell:Creating environment descriptor '/home/robot/robotws/src/install/hebiros/share/hebiros/hook/ament_prefix_path.dsv'
[2.080s] INFO:colcon.colcon_core.shell:Creating environment hook '/home/robot/robotws/src/install/hebiros/share/hebiros/hook/ament_prefix_path.sh'
[2.104s] INFO:colcon.colcon_core.shell:Skip shell extension 'powershell' for command environment: Not usable outside of PowerShell
[2.104s] DEBUG:colcon.colcon_core.shell:Skip shell extension 'dsv' for command environment
[2.546s] INFO:colcon.colcon_core.task.python.build:Building Python package in '/home/robot/robotws/src/basic134'
[2.581s] INFO:colcon.colcon_core.shell:Skip shell extension 'powershell' for command environment: Not usable outside of PowerShell
[2.581s] DEBUG:colcon.colcon_core.shell:Skip shell extension 'dsv' for command environment
[2.982s] INFO:colcon.colcon_core.task.python.build:Building Python package in '/home/robot/robotws/src/demo134'
[3.005s] INFO:colcon.colcon_core.shell:Skip shell extension 'powershell' for command environment: Not usable outside of PowerShell
[3.005s] DEBUG:colcon.colcon_core.shell:Skip shell extension 'dsv' for command environment
[3.392s] INFO:colcon.colcon_core.task.python.build:Building Python package in '/home/robot/robotws/src/hebiros'
[3.427s] INFO:colcon.colcon_core.shell:Skip shell extension 'powershell' for command environment: Not usable outside of PowerShell
[3.428s] DEBUG:colcon.colcon_core.shell:Skip shell extension 'dsv' for command environment
[3.967s] DEBUG:colcon.colcon_core.event_handler.log_command:Invoking command in '/home/robot/robotws/src/build/demo134': PYTHONPATH=/home/robot/robotws/src/build/demo134/prefix_override:/home/robot/robotws/src/install/demo134/lib/python3.10/site-packages:${PYTHONPATH} /usr/bin/python3 setup.py develop --editable --build-directory /home/robot/robotws/src/build/demo134/build --no-deps install_data
[4.186s] DEBUG:colcon.colcon_core.event_handler.log_command:Invoking command in '/home/robot/robotws/src/build/hebiros': PYTHONPATH=/home/robot/robotws/src/build/hebiros/prefix_override:/home/robot/robotws/src/install/hebiros/lib/python3.10/site-packages:${PYTHONPATH} /usr/bin/python3 setup.py develop --editable --build-directory /home/robot/robotws/src/build/hebiros/build --no-deps install_data
[4.193s] DEBUG:colcon.colcon_core.event_handler.log_command:Invoking command in '/home/robot/robotws/src/build/basic134': PYTHONPATH=/home/robot/robotws/src/build/basic134/prefix_override:/home/robot/robotws/src/install/basic134/lib/python3.10/site-packages:${PYTHONPATH} /usr/bin/python3 setup.py develop --editable --build-directory /home/robot/robotws/src/build/basic134/build --no-deps install_data
[4.721s] Level 1:colcon.colcon_core.shell:create_environment_hook('demo134', 'pythonpath_develop')
[4.723s] DEBUG:colcon.colcon_core.event_handler.log_command:Invoked command in '/home/robot/robotws/src/build/demo134' returned '0': PYTHONPATH=/home/robot/robotws/src/build/demo134/prefix_override:/home/robot/robotws/src/install/demo134/lib/python3.10/site-packages:${PYTHONPATH} /usr/bin/python3 setup.py develop --editable --build-directory /home/robot/robotws/src/build/demo134/build --no-deps install_data
[4.756s] INFO:colcon.colcon_core.shell:Creating environment hook '/home/robot/robotws/src/build/demo134/share/demo134/hook/pythonpath_develop.ps1'
[4.757s] INFO:colcon.colcon_core.shell:Creating environment descriptor '/home/robot/robotws/src/build/demo134/share/demo134/hook/pythonpath_develop.dsv'
[4.758s] INFO:colcon.colcon_core.shell:Creating environment hook '/home/robot/robotws/src/build/demo134/share/demo134/hook/pythonpath_develop.sh'
[4.792s] Level 1:colcon.colcon_core.environment:checking '/home/robot/robotws/src/install/demo134' for CMake module files
[4.792s] Level 1:colcon.colcon_core.environment:checking '/home/robot/robotws/src/install/demo134' for CMake config files
[4.793s] Level 1:colcon.colcon_core.environment:checking '/home/robot/robotws/src/install/demo134/lib'
[4.793s] Level 1:colcon.colcon_core.environment:checking '/home/robot/robotws/src/install/demo134/bin'
[4.793s] Level 1:colcon.colcon_core.environment:checking '/home/robot/robotws/src/install/demo134/lib/pkgconfig/demo134.pc'
[4.793s] Level 1:colcon.colcon_core.environment:checking '/home/robot/robotws/src/install/demo134/lib/python3.10/site-packages'
[4.793s] Level 1:colcon.colcon_core.shell:create_environment_hook('demo134', 'pythonpath')
[4.834s] INFO:colcon.colcon_core.shell:Creating environment hook '/home/robot/robotws/src/install/demo134/share/demo134/hook/pythonpath.ps1'
[4.834s] INFO:colcon.colcon_core.shell:Creating environment descriptor '/home/robot/robotws/src/install/demo134/share/demo134/hook/pythonpath.dsv'
[4.834s] INFO:colcon.colcon_core.shell:Creating environment hook '/home/robot/robotws/src/install/demo134/share/demo134/hook/pythonpath.sh'
[4.835s] Level 1:colcon.colcon_core.environment:checking '/home/robot/robotws/src/install/demo134/bin'
[4.835s] Level 1:colcon.colcon_core.environment:create_environment_scripts_only(demo134)
[4.854s] INFO:colcon.colcon_core.shell:Creating package script '/home/robot/robotws/src/install/demo134/share/demo134/package.ps1'
[4.854s] INFO:colcon.colcon_core.shell:Creating package descriptor '/home/robot/robotws/src/install/demo134/share/demo134/package.dsv'
[4.855s] INFO:colcon.colcon_core.shell:Creating package script '/home/robot/robotws/src/install/demo134/share/demo134/package.sh'
[4.856s] INFO:colcon.colcon_core.shell:Creating package script '/home/robot/robotws/src/install/demo134/share/demo134/package.bash'
[4.856s] INFO:colcon.colcon_core.shell:Creating package script '/home/robot/robotws/src/install/demo134/share/demo134/package.zsh'
[4.857s] Level 1:colcon.colcon_core.environment:create_file_with_runtime_dependencies(/home/robot/robotws/src/install/demo134/share/colcon-core/packages/demo134)
[4.858s] Level 1:colcon.colcon_core.shell:create_environment_hook('hebiros', 'pythonpath_develop')
[4.859s] DEBUG:colcon.colcon_core.event_handler.log_command:Invoked command in '/home/robot/robotws/src/build/hebiros' returned '0': PYTHONPATH=/home/robot/robotws/src/build/hebiros/prefix_override:/home/robot/robotws/src/install/hebiros/lib/python3.10/site-packages:${PYTHONPATH} /usr/bin/python3 setup.py develop --editable --build-directory /home/robot/robotws/src/build/hebiros/build --no-deps install_data
[4.886s] INFO:colcon.colcon_core.shell:Creating environment hook '/home/robot/robotws/src/build/hebiros/share/hebiros/hook/pythonpath_develop.ps1'
[4.887s] INFO:colcon.colcon_core.shell:Creating environment descriptor '/home/robot/robotws/src/build/hebiros/share/hebiros/hook/pythonpath_develop.dsv'
[4.888s] INFO:colcon.colcon_core.shell:Creating environment hook '/home/robot/robotws/src/build/hebiros/share/hebiros/hook/pythonpath_develop.sh'
[4.911s] Level 1:colcon.colcon_core.environment:checking '/home/robot/robotws/src/install/hebiros' for CMake module files
[4.911s] Level 1:colcon.colcon_core.environment:checking '/home/robot/robotws/src/install/hebiros' for CMake config files
[4.912s] Level 1:colcon.colcon_core.environment:checking '/home/robot/robotws/src/install/hebiros/lib'
[4.912s] Level 1:colcon.colcon_core.environment:checking '/home/robot/robotws/src/install/hebiros/bin'
[4.912s] Level 1:colcon.colcon_core.environment:checking '/home/robot/robotws/src/install/hebiros/lib/pkgconfig/hebiros.pc'
[4.912s] Level 1:colcon.colcon_core.environment:checking '/home/robot/robotws/src/install/hebiros/lib/python3.10/site-packages'
[4.912s] Level 1:colcon.colcon_core.shell:create_environment_hook('hebiros', 'pythonpath')
[4.933s] INFO:colcon.colcon_core.shell:Creating environment hook '/home/robot/robotws/src/install/hebiros/share/hebiros/hook/pythonpath.ps1'
[4.933s] INFO:colcon.colcon_core.shell:Creating environment descriptor '/home/robot/robotws/src/install/hebiros/share/hebiros/hook/pythonpath.dsv'
[4.933s] INFO:colcon.colcon_core.shell:Creating environment hook '/home/robot/robotws/src/install/hebiros/share/hebiros/hook/pythonpath.sh'
[4.934s] Level 1:colcon.colcon_core.environment:checking '/home/robot/robotws/src/install/hebiros/bin'
[4.934s] Level 1:colcon.colcon_core.environment:create_environment_scripts_only(hebiros)
[4.954s] INFO:colcon.colcon_core.shell:Creating package script '/home/robot/robotws/src/install/hebiros/share/hebiros/package.ps1'
[4.955s] INFO:colcon.colcon_core.shell:Creating package descriptor '/home/robot/robotws/src/install/hebiros/share/hebiros/package.dsv'
[4.955s] INFO:colcon.colcon_core.shell:Creating package script '/home/robot/robotws/src/install/hebiros/share/hebiros/package.sh'
[4.955s] INFO:colcon.colcon_core.shell:Creating package script '/home/robot/robotws/src/install/hebiros/share/hebiros/package.bash'
[4.956s] INFO:colcon.colcon_core.shell:Creating package script '/home/robot/robotws/src/install/hebiros/share/hebiros/package.zsh'
[4.956s] Level 1:colcon.colcon_core.environment:create_file_with_runtime_dependencies(/home/robot/robotws/src/install/hebiros/share/colcon-core/packages/hebiros)
[5.071s] Level 1:colcon.colcon_core.shell:create_environment_hook('basic134', 'pythonpath_develop')
[5.072s] DEBUG:colcon.colcon_core.event_handler.log_command:Invoked command in '/home/robot/robotws/src/build/basic134' returned '0': PYTHONPATH=/home/robot/robotws/src/build/basic134/prefix_override:/home/robot/robotws/src/install/basic134/lib/python3.10/site-packages:${PYTHONPATH} /usr/bin/python3 setup.py develop --editable --build-directory /home/robot/robotws/src/build/basic134/build --no-deps install_data
[5.094s] INFO:colcon.colcon_core.shell:Creating environment hook '/home/robot/robotws/src/build/basic134/share/basic134/hook/pythonpath_develop.ps1'
[5.095s] INFO:colcon.colcon_core.shell:Creating environment descriptor '/home/robot/robotws/src/build/basic134/share/basic134/hook/pythonpath_develop.dsv'
[5.095s] INFO:colcon.colcon_core.shell:Creating environment hook '/home/robot/robotws/src/build/basic134/share/basic134/hook/pythonpath_develop.sh'
[5.116s] Level 1:colcon.colcon_core.environment:checking '/home/robot/robotws/src/install/basic134' for CMake module files
[5.117s] Level 1:colcon.colcon_core.environment:checking '/home/robot/robotws/src/install/basic134' for CMake config files
[5.117s] Level 1:colcon.colcon_core.environment:checking '/home/robot/robotws/src/install/basic134/lib'
[5.117s] Level 1:colcon.colcon_core.environment:checking '/home/robot/robotws/src/install/basic134/bin'
[5.117s] Level 1:colcon.colcon_core.environment:checking '/home/robot/robotws/src/install/basic134/lib/pkgconfig/basic134.pc'
[5.118s] Level 1:colcon.colcon_core.environment:checking '/home/robot/robotws/src/install/basic134/lib/python3.10/site-packages'
[5.118s] Level 1:colcon.colcon_core.shell:create_environment_hook('basic134', 'pythonpath')
[5.138s] INFO:colcon.colcon_core.shell:Creating environment hook '/home/robot/robotws/src/install/basic134/share/basic134/hook/pythonpath.ps1'
[5.138s] INFO:colcon.colcon_core.shell:Creating environment descriptor '/home/robot/robotws/src/install/basic134/share/basic134/hook/pythonpath.dsv'
[5.139s] INFO:colcon.colcon_core.shell:Creating environment hook '/home/robot/robotws/src/install/basic134/share/basic134/hook/pythonpath.sh'
[5.139s] Level 1:colcon.colcon_core.environment:checking '/home/robot/robotws/src/install/basic134/bin'
[5.139s] Level 1:colcon.colcon_core.environment:create_environment_scripts_only(basic134)
[5.173s] INFO:colcon.colcon_core.shell:Creating package script '/home/robot/robotws/src/install/basic134/share/basic134/package.ps1'
[5.173s] INFO:colcon.colcon_core.shell:Creating package descriptor '/home/robot/robotws/src/install/basic134/share/basic134/package.dsv'
[5.174s] INFO:colcon.colcon_core.shell:Creating package script '/home/robot/robotws/src/install/basic134/share/basic134/package.sh'
[5.174s] INFO:colcon.colcon_core.shell:Creating package script '/home/robot/robotws/src/install/basic134/share/basic134/package.bash'
[5.174s] INFO:colcon.colcon_core.shell:Creating package script '/home/robot/robotws/src/install/basic134/share/basic134/package.zsh'
[5.175s] Level 1:colcon.colcon_core.environment:create_file_with_runtime_dependencies(/home/robot/robotws/src/install/basic134/share/colcon-core/packages/basic134)
[5.175s] DEBUG:colcon.colcon_parallel_executor.executor.parallel:closing loop
[5.175s] DEBUG:colcon.colcon_parallel_executor.executor.parallel:loop closed
[5.175s] DEBUG:colcon.colcon_parallel_executor.executor.parallel:run_until_complete finished with '0'
[5.176s] DEBUG:colcon.colcon_core.event_reactor:joining thread
[5.232s] INFO:colcon.colcon_core.plugin_system:Skipping extension 'colcon_notification.desktop_notification.terminal_notifier': Not used on non-Darwin systems
[5.232s] INFO:colcon.colcon_core.plugin_system:Skipping extension 'colcon_notification.desktop_notification.win32': Not used on non-Windows systems
[5.232s] INFO:colcon.colcon_notification.desktop_notification:Sending desktop notification using 'notify2'
[5.243s] DEBUG:colcon.colcon_core.event_reactor:joined thread
[5.263s] INFO:colcon.colcon_core.shell:Creating prefix script '/home/robot/robotws/src/install/local_setup.ps1'
[5.264s] INFO:colcon.colcon_core.shell:Creating prefix util module '/home/robot/robotws/src/install/_local_setup_util_ps1.py'
[5.265s] INFO:colcon.colcon_core.shell:Creating prefix chain script '/home/robot/robotws/src/install/setup.ps1'
[5.285s] INFO:colcon.colcon_core.shell:Creating prefix script '/home/robot/robotws/src/install/local_setup.sh'
[5.286s] INFO:colcon.colcon_core.shell:Creating prefix util module '/home/robot/robotws/src/install/_local_setup_util_sh.py'
[5.287s] INFO:colcon.colcon_core.shell:Creating prefix chain script '/home/robot/robotws/src/install/setup.sh'
[5.310s] INFO:colcon.colcon_core.shell:Creating prefix script '/home/robot/robotws/src/install/local_setup.bash'
[5.311s] INFO:colcon.colcon_core.shell:Creating prefix chain script '/home/robot/robotws/src/install/setup.bash'
[5.331s] INFO:colcon.colcon_core.shell:Creating prefix script '/home/robot/robotws/src/install/local_setup.zsh'
[5.332s] INFO:colcon.colcon_core.shell:Creating prefix chain script '/home/robot/robotws/src/install/setup.zsh'
