[2.426s] Invoking command in '/home/robot/robotws/src/build/basic134': PYTHONPATH=/home/robot/robotws/src/build/basic134/prefix_override:/home/robot/robotws/src/install/basic134/lib/python3.10/site-packages:${PYTHONPATH} /usr/bin/python3 setup.py develop --editable --build-directory /home/robot/robotws/src/build/basic134/build --no-deps install_data
[2.945s] running develop
[2.945s] /usr/lib/python3/dist-packages/setuptools/command/easy_install.py:158: EasyInstallDeprecationWarning: easy_install command is deprecated. Use build and pip and other standards-based tools.
[2.946s]   warnings.warn(
[2.948s] /usr/lib/python3/dist-packages/setuptools/command/install.py:34: SetuptoolsDeprecationWarning: setup.py install is deprecated. Use build and pip and other standards-based tools.
[2.948s]   warnings.warn(
[3.261s] running egg_info
[3.261s] creating basic134.egg-info
[3.262s] writing basic134.egg-info/PKG-INFO
[3.262s] writing dependency_links to basic134.egg-info/dependency_links.txt
[3.263s] writing entry points to basic134.egg-info/entry_points.txt
[3.264s] writing requirements to basic134.egg-info/requires.txt
[3.264s] writing top-level names to basic134.egg-info/top_level.txt
[3.264s] writing manifest file 'basic134.egg-info/SOURCES.txt'
[3.266s] reading manifest file 'basic134.egg-info/SOURCES.txt'
[3.267s] writing manifest file 'basic134.egg-info/SOURCES.txt'
[3.268s] running build_ext
[3.269s] Creating /home/robot/robotws/src/install/basic134/lib/python3.10/site-packages/basic134.egg-link (link to .)
[3.270s] Installing demo134 script to /home/robot/robotws/src/install/basic134/lib/basic134
[3.271s] Installing receivepoint script to /home/robot/robotws/src/install/basic134/lib/basic134
[3.271s] 
[3.271s] Installed /home/robot/robotws/src/build/basic134
[3.271s] running install_data
[3.271s] creating /home/robot/robotws/src/install/basic134/share/ament_index
[3.272s] creating /home/robot/robotws/src/install/basic134/share/ament_index/resource_index
[3.272s] creating /home/robot/robotws/src/install/basic134/share/ament_index/resource_index/packages
[3.272s] copying resource/basic134 -> /home/robot/robotws/src/install/basic134/share/ament_index/resource_index/packages
[3.272s] copying package.xml -> /home/robot/robotws/src/install/basic134/share/basic134
[3.272s] creating /home/robot/robotws/src/install/basic134/share/basic134/launch
[3.272s] copying launch/viewcommand.launch.py -> /home/robot/robotws/src/install/basic134/share/basic134/launch
[3.272s] copying launch/viewactual2.launch.py -> /home/robot/robotws/src/install/basic134/share/basic134/launch
[3.273s] copying launch/showurdf.launch.py -> /home/robot/robotws/src/install/basic134/share/basic134/launch
[3.273s] copying launch/example.launch.py -> /home/robot/robotws/src/install/basic134/share/basic134/launch
[3.273s] creating /home/robot/robotws/src/install/basic134/share/basic134/rviz
[3.273s] copying rviz/viewurdf.rviz -> /home/robot/robotws/src/install/basic134/share/basic134/rviz
[3.273s] creating /home/robot/robotws/src/install/basic134/share/basic134/meshes
[3.273s] copying meshes/basiclink.stl -> /home/robot/robotws/src/install/basic134/share/basic134/meshes
[3.273s] copying meshes/X8.stl -> /home/robot/robotws/src/install/basic134/share/basic134/meshes
[3.275s] copying meshes/basiclink.dae -> /home/robot/robotws/src/install/basic134/share/basic134/meshes
[3.276s] copying meshes/X5.stl -> /home/robot/robotws/src/install/basic134/share/basic134/meshes
[3.279s] creating /home/robot/robotws/src/install/basic134/share/basic134/urdf
[3.279s] copying urdf/threedofexample.urdf -> /home/robot/robotws/src/install/basic134/share/basic134/urdf
[3.305s] Invoked command in '/home/robot/robotws/src/build/basic134' returned '0': PYTHONPATH=/home/robot/robotws/src/build/basic134/prefix_override:/home/robot/robotws/src/install/basic134/lib/python3.10/site-packages:${PYTHONPATH} /usr/bin/python3 setup.py develop --editable --build-directory /home/robot/robotws/src/build/basic134/build --no-deps install_data
