[1.007s] Invoking command in '/home/robot/robotws/src/build/basic134': PYTHONPATH=/home/robot/robotws/src/build/basic134/prefix_override:/home/robot/robotws/src/install/basic134/lib/python3.10/site-packages:${PYTHONPATH} /usr/bin/python3 setup.py develop --editable --build-directory /home/robot/robotws/src/build/basic134/build --no-deps install_data
[1.314s] running develop
[1.315s] /usr/lib/python3/dist-packages/setuptools/command/easy_install.py:158: EasyInstallDeprecationWarning: easy_install command is deprecated. Use build and pip and other standards-based tools.
[1.315s]   warnings.warn(
[1.316s] /usr/lib/python3/dist-packages/setuptools/command/install.py:34: SetuptoolsDeprecationWarning: setup.py install is deprecated. Use build and pip and other standards-based tools.
[1.317s]   warnings.warn(
[1.545s] running egg_info
[1.546s] writing basic134.egg-info/PKG-INFO
[1.546s] writing dependency_links to basic134.egg-info/dependency_links.txt
[1.546s] writing entry points to basic134.egg-info/entry_points.txt
[1.546s] writing requirements to basic134.egg-info/requires.txt
[1.546s] writing top-level names to basic134.egg-info/top_level.txt
[1.550s] reading manifest file 'basic134.egg-info/SOURCES.txt'
[1.551s] writing manifest file 'basic134.egg-info/SOURCES.txt'
[1.553s] running build_ext
[1.553s] Creating /home/robot/robotws/src/install/basic134/lib/python3.10/site-packages/basic134.egg-link (link to .)
[1.554s] Installing demo134 script to /home/robot/robotws/src/install/basic134/lib/basic134
[1.554s] Installing grav script to /home/robot/robotws/src/install/basic134/lib/basic134
[1.555s] Installing receivepoint script to /home/robot/robotws/src/install/basic134/lib/basic134
[1.555s] 
[1.555s] Installed /home/robot/robotws/src/build/basic134
[1.555s] running install_data
[1.582s] Invoked command in '/home/robot/robotws/src/build/basic134' returned '0': PYTHONPATH=/home/robot/robotws/src/build/basic134/prefix_override:/home/robot/robotws/src/install/basic134/lib/python3.10/site-packages:${PYTHONPATH} /usr/bin/python3 setup.py develop --editable --build-directory /home/robot/robotws/src/build/basic134/build --no-deps install_data
