[1.039s] Invoking command in '/home/robot/robotws/src/build/basic134': PYTHONPATH=/home/robot/robotws/src/build/basic134/prefix_override:/home/robot/robotws/src/install/basic134/lib/python3.10/site-packages:${PYTHONPATH} /usr/bin/python3 setup.py develop --editable --build-directory /home/robot/robotws/src/build/basic134/build --no-deps install_data
[1.362s] running develop
[1.362s] /usr/lib/python3/dist-packages/setuptools/command/easy_install.py:158: EasyInstallDeprecationWarning: easy_install command is deprecated. Use build and pip and other standards-based tools.
[1.362s]   warnings.warn(
[1.364s] /usr/lib/python3/dist-packages/setuptools/command/install.py:34: SetuptoolsDeprecationWarning: setup.py install is deprecated. Use build and pip and other standards-based tools.
[1.364s]   warnings.warn(
[1.592s] running egg_info
[1.592s] writing basic134.egg-info/PKG-INFO
[1.592s] writing dependency_links to basic134.egg-info/dependency_links.txt
[1.592s] writing entry points to basic134.egg-info/entry_points.txt
[1.592s] writing requirements to basic134.egg-info/requires.txt
[1.592s] writing top-level names to basic134.egg-info/top_level.txt
[1.595s] reading manifest file 'basic134.egg-info/SOURCES.txt'
[1.596s] writing manifest file 'basic134.egg-info/SOURCES.txt'
[1.597s] running build_ext
[1.597s] Creating /home/robot/robotws/src/install/basic134/lib/python3.10/site-packages/basic134.egg-link (link to .)
[1.598s] Installing demo134 script to /home/robot/robotws/src/install/basic134/lib/basic134
[1.598s] Installing grav script to /home/robot/robotws/src/install/basic134/lib/basic134
[1.598s] Installing receivepoint script to /home/robot/robotws/src/install/basic134/lib/basic134
[1.599s] 
[1.599s] Installed /home/robot/robotws/src/build/basic134
[1.599s] running install_data
[1.600s] copying urdf/threedofexample.urdf -> /home/robot/robotws/src/install/basic134/share/basic134/urdf
[1.631s] Invoked command in '/home/robot/robotws/src/build/basic134' returned '0': PYTHONPATH=/home/robot/robotws/src/build/basic134/prefix_override:/home/robot/robotws/src/install/basic134/lib/python3.10/site-packages:${PYTHONPATH} /usr/bin/python3 setup.py develop --editable --build-directory /home/robot/robotws/src/build/basic134/build --no-deps install_data
